# JRE version: OpenJDK Runtime Environment (8.0_212-b04) (build 1.8.0_212-release-1586-b04)
# Java VM: OpenJDK 64-Bit Server VM (25.212-b04 mixed mode windows-amd64 compressed oops)
Heap:
 PSYoungGen      total 344576K, used 49131K [0x00000000e0000000, 0x00000000f8200000, 0x0000000100000000)
  eden space 317440K, 6% used [0x00000000e0000000,0x00000000e157b600,0x00000000f3600000)
  from space 27136K, 99% used [0x00000000f5980000,0x00000000f73ff6c8,0x00000000f7400000)
  to   space 36352K, 0% used [0x00000000f3600000,0x00000000f3600000,0x00000000f5980000)
 ParOldGen       total 157184K, used 46041K [0x00000000a0000000, 0x00000000a9980000, 0x00000000e0000000)
  object space 157184K, 29% used [0x00000000a0000000,0x00000000a2cf6568,0x00000000a9980000)
 Metaspace       used 75085K, capacity 78032K, committed 78208K, reserved 1116160K
  class space    used 10209K, capacity 10842K, committed 10880K, reserved 1048576K
GC Heap History (10 events):
Event: 13.537 GC heap before
{Heap before GC invocations=9 (full 2):
 PSYoungGen      total 223232K, used 206336K [0x00000000e0000000, 0x00000000eea00000, 0x0000000100000000)
  eden space 206336K, 100% used [0x00000000e0000000,0x00000000ec980000,0x00000000ec980000)
  from space 16896K, 0% used [0x00000000ed980000,0x00000000ed980000,0x00000000eea00000)
  to   space 16384K, 0% used [0x00000000ec980000,0x00000000ec980000,0x00000000ed980000)
 ParOldGen       total 107520K, used 17382K [0x00000000a0000000, 0x00000000a6900000, 0x00000000e0000000)
  object space 107520K, 16% used [0x00000000a0000000,0x00000000a10f9ab8,0x00000000a6900000)
 Metaspace       used 53040K, capacity 54660K, committed 54784K, reserved 1095680K
  class space    used 7180K, capacity 7591K, committed 7680K, reserved 1048576K
Event: 13.573 GC heap after
Heap after GC invocations=9 (full 2):
 PSYoungGen      total 222720K, used 16376K [0x00000000e0000000, 0x00000000f3e80000, 0x0000000100000000)
  eden space 206336K, 0% used [0x00000000e0000000,0x00000000e0000000,0x00000000ec980000)
  from space 16384K, 99% used [0x00000000ec980000,0x00000000ed97e370,0x00000000ed980000)
  to   space 23552K, 0% used [0x00000000f2780000,0x00000000f2780000,0x00000000f3e80000)
 ParOldGen       total 107520K, used 26163K [0x00000000a0000000, 0x00000000a6900000, 0x00000000e0000000)
  object space 107520K, 24% used [0x00000000a0000000,0x00000000a198cef0,0x00000000a6900000)
 Metaspace       used 53040K, capacity 54660K, committed 54784K, reserved 1095680K
  class space    used 7180K, capacity 7591K, committed 7680K, reserved 1048576K
}
Event: 14.646 GC heap before
{Heap before GC invocations=10 (full 2):
 PSYoungGen      total 222720K, used 77664K [0x00000000e0000000, 0x00000000f3e80000, 0x0000000100000000)
  eden space 206336K, 29% used [0x00000000e0000000,0x00000000e3bd9d00,0x00000000ec980000)
  from space 16384K, 99% used [0x00000000ec980000,0x00000000ed97e370,0x00000000ed980000)
  to   space 23552K, 0% used [0x00000000f2780000,0x00000000f2780000,0x00000000f3e80000)
 ParOldGen       total 107520K, used 26163K [0x00000000a0000000, 0x00000000a6900000, 0x00000000e0000000)
  object space 107520K, 24% used [0x00000000a0000000,0x00000000a198cef0,0x00000000a6900000)
 Metaspace       used 57272K, capacity 58992K, committed 59096K, reserved 1099776K
  class space    used 7830K, capacity 8219K, committed 8320K, reserved 1048576K
Event: 14.675 GC heap after
Heap after GC invocations=10 (full 2):
 PSYoungGen      total 301056K, used 18095K [0x00000000e0000000, 0x00000000f4f80000, 0x0000000100000000)
  eden space 277504K, 0% used [0x00000000e0000000,0x00000000e0000000,0x00000000f0f00000)
  from space 23552K, 76% used [0x00000000f2780000,0x00000000f392bd18,0x00000000f3e80000)
  to   space 25088K, 0% used [0x00000000f0f00000,0x00000000f0f00000,0x00000000f2780000)
 ParOldGen       total 107520K, used 26171K [0x00000000a0000000, 0x00000000a6900000, 0x00000000e0000000)
  object space 107520K, 24% used [0x00000000a0000000,0x00000000a198eef0,0x00000000a6900000)
 Metaspace       used 57272K, capacity 58992K, committed 59096K, reserved 1099776K
  class space    used 7830K, capacity 8219K, committed 8320K, reserved 1048576K
}
Event: 14.675 GC heap before
{Heap before GC invocations=11 (full 3):
 PSYoungGen      total 301056K, used 18095K [0x00000000e0000000, 0x00000000f4f80000, 0x0000000100000000)
  eden space 277504K, 0% used [0x00000000e0000000,0x00000000e0000000,0x00000000f0f00000)
  from space 23552K, 76% used [0x00000000f2780000,0x00000000f392bd18,0x00000000f3e80000)
  to   space 25088K, 0% used [0x00000000f0f00000,0x00000000f0f00000,0x00000000f2780000)
 ParOldGen       total 107520K, used 26171K [0x00000000a0000000, 0x00000000a6900000, 0x00000000e0000000)
  object space 107520K, 24% used [0x00000000a0000000,0x00000000a198eef0,0x00000000a6900000)
 Metaspace       used 57272K, capacity 58992K, committed 59096K, reserved 1099776K
  class space    used 7830K, capacity 8219K, committed 8320K, reserved 1048576K
Event: 14.991 GC heap after
Heap after GC invocations=11 (full 3):
 PSYoungGen      total 301056K, used 0K [0x00000000e0000000, 0x00000000f4f80000, 0x0000000100000000)
  eden space 277504K, 0% used [0x00000000e0000000,0x00000000e0000000,0x00000000f0f00000)
  from space 23552K, 0% used [0x00000000f2780000,0x00000000f2780000,0x00000000f3e80000)
  to   space 25088K, 0% used [0x00000000f0f00000,0x00000000f0f00000,0x00000000f2780000)
 ParOldGen       total 157184K, used 32494K [0x00000000a0000000, 0x00000000a9980000, 0x00000000e0000000)
  object space 157184K, 20% used [0x00000000a0000000,0x00000000a1fbbbc0,0x00000000a9980000)
 Metaspace       used 57272K, capacity 58992K, committed 59096K, reserved 1099776K
  class space    used 7830K, capacity 8219K, committed 8320K, reserved 1048576K
}
Event: 20.612 GC heap before
{Heap before GC invocations=12 (full 3):
 PSYoungGen      total 301056K, used 277504K [0x00000000e0000000, 0x00000000f4f80000, 0x0000000100000000)
  eden space 277504K, 100% used [0x00000000e0000000,0x00000000f0f00000,0x00000000f0f00000)
  from space 23552K, 0% used [0x00000000f2780000,0x00000000f2780000,0x00000000f3e80000)
  to   space 25088K, 0% used [0x00000000f0f00000,0x00000000f0f00000,0x00000000f2780000)
 ParOldGen       total 157184K, used 32494K [0x00000000a0000000, 0x00000000a9980000, 0x00000000e0000000)
  object space 157184K, 20% used [0x00000000a0000000,0x00000000a1fbbbc0,0x00000000a9980000)
 Metaspace       used 64444K, capacity 66824K, committed 66944K, reserved 1107968K
  class space    used 8741K, capacity 9261K, committed 9344K, reserved 1048576K
Event: 20.663 GC heap after
Heap after GC invocations=12 (full 3):
 PSYoungGen      total 302592K, used 20327K [0x00000000e0000000, 0x00000000f7400000, 0x0000000100000000)
  eden space 277504K, 0% used [0x00000000e0000000,0x00000000e0000000,0x00000000f0f00000)
  from space 25088K, 81% used [0x00000000f0f00000,0x00000000f22d9dd0,0x00000000f2780000)
  to   space 27136K, 0% used [0x00000000f5980000,0x00000000f5980000,0x00000000f7400000)
 ParOldGen       total 157184K, used 32502K [0x00000000a0000000, 0x00000000a9980000, 0x00000000e0000000)
  object space 157184K, 20% used [0x00000000a0000000,0x00000000a1fbdbc0,0x00000000a9980000)
 Metaspace       used 64444K, capacity 66824K, committed 66944K, reserved 1107968K
  class space    used 8741K, capacity 9261K, committed 9344K, reserved 1048576K
}
Event: 28.688 GC heap before
{Heap before GC invocations=13 (full 3):
 PSYoungGen      total 302592K, used 297831K [0x00000000e0000000, 0x00000000f7400000, 0x0000000100000000)
  eden space 277504K, 100% used [0x00000000e0000000,0x00000000f0f00000,0x00000000f0f00000)
  from space 25088K, 81% used [0x00000000f0f00000,0x00000000f22d9dd0,0x00000000f2780000)
  to   space 27136K, 0% used [0x00000000f5980000,0x00000000f5980000,0x00000000f7400000)
 ParOldGen       total 157184K, used 32502K [0x00000000a0000000, 0x00000000a9980000, 0x00000000e0000000)
  object space 157184K, 20% used [0x00000000a0000000,0x00000000a1fbdbc0,0x00000000a9980000)
 Metaspace       used 74314K, capacity 77168K, committed 77312K, reserved 1116160K
  class space    used 10099K, capacity 10700K, committed 10752K, reserved 1048576K
Event: 28.750 GC heap after
Heap after GC invocations=13 (full 3):
 PSYoungGen      total 344576K, used 27133K [0x00000000e0000000, 0x00000000f8200000, 0x0000000100000000)
  eden space 317440K, 0% used [0x00000000e0000000,0x00000000e0000000,0x00000000f3600000)
  from space 27136K, 99% used [0x00000000f5980000,0x00000000f73ff6c8,0x00000000f7400000)
  to   space 36352K, 0% used [0x00000000f3600000,0x00000000f3600000,0x00000000f5980000)
 ParOldGen       total 157184K, used 46041K [0x00000000a0000000, 0x00000000a9980000, 0x00000000e0000000)
  object space 157184K, 29% used [0x00000000a0000000,0x00000000a2cf6568,0x00000000a9980000)
 Metaspace       used 74314K, capacity 77168K, committed 77312K, reserved 1116160K
  class space    used 10099K, capacity 10700K, committed 10752K, reserved 1048576K
}

