# JRE version: OpenJDK Runtime Environment (8.0_212-b04) (build 1.8.0_212-release-1586-b04)
# Java VM: OpenJDK 64-Bit Server VM (25.212-b04 mixed mode windows-amd64 compressed oops)
Heap:
 PSYoungGen      total 248832K, used 8300K [0x00000000e0000000, 0x00000000f0e00000, 0x0000000100000000)
  eden space 222208K, 0% used [0x00000000e0000000,0x00000000e0000000,0x00000000ed900000)
  from space 26624K, 31% used [0x00000000ed900000,0x00000000ee11b320,0x00000000ef300000)
  to   space 27136K, 0% used [0x00000000ef380000,0x00000000ef380000,0x00000000f0e00000)
 ParOldGen       total 243712K, used 83666K [0x00000000a0000000, 0x00000000aee00000, 0x00000000e0000000)
  object space 243712K, 34% used [0x00000000a0000000,0x00000000a51b48b0,0x00000000aee00000)
 Metaspace       used 107499K, capacity 115786K, committed 116032K, reserved 1150976K
  class space    used 13724K, capacity 15102K, committed 15208K, reserved 1048576K
GC Heap History (10 events):
Event: 4467.001 GC heap after
Heap after GC invocations=59 (full 4):
 PSYoungGen      total 245760K, used 16506K [0x00000000e0000000, 0x00000000f0e80000, 0x0000000100000000)
  eden space 216064K, 0% used [0x00000000e0000000,0x00000000e0000000,0x00000000ed300000)
  from space 29696K, 55% used [0x00000000ed300000,0x00000000ee31ea28,0x00000000ef000000)
  to   space 28160K, 0% used [0x00000000ef300000,0x00000000ef300000,0x00000000f0e80000)
 ParOldGen       total 243712K, used 83090K [0x00000000a0000000, 0x00000000aee00000, 0x00000000e0000000)
  object space 243712K, 34% used [0x00000000a0000000,0x00000000a51248b0,0x00000000aee00000)
 Metaspace       used 107226K, capacity 115462K, committed 115776K, reserved 1150976K
  class space    used 13724K, capacity 15102K, committed 15208K, reserved 1048576K
}
Event: 4688.845 GC heap before
{Heap before GC invocations=60 (full 4):
 PSYoungGen      total 245760K, used 232570K [0x00000000e0000000, 0x00000000f0e80000, 0x0000000100000000)
  eden space 216064K, 100% used [0x00000000e0000000,0x00000000ed300000,0x00000000ed300000)
  from space 29696K, 55% used [0x00000000ed300000,0x00000000ee31ea28,0x00000000ef000000)
  to   space 28160K, 0% used [0x00000000ef300000,0x00000000ef300000,0x00000000f0e80000)
 ParOldGen       total 243712K, used 83090K [0x00000000a0000000, 0x00000000aee00000, 0x00000000e0000000)
  object space 243712K, 34% used [0x00000000a0000000,0x00000000a51248b0,0x00000000aee00000)
 Metaspace       used 107354K, capacity 115654K, committed 115776K, reserved 1150976K
  class space    used 13724K, capacity 15102K, committed 15208K, reserved 1048576K
Event: 4688.909 GC heap after
Heap after GC invocations=60 (full 4):
 PSYoungGen      total 245760K, used 16044K [0x00000000e0000000, 0x00000000f0c80000, 0x0000000100000000)
  eden space 219648K, 0% used [0x00000000e0000000,0x00000000e0000000,0x00000000ed680000)
  from space 26112K, 61% used [0x00000000ef300000,0x00000000f02ab340,0x00000000f0c80000)
  to   space 27648K, 0% used [0x00000000ed680000,0x00000000ed680000,0x00000000ef180000)
 ParOldGen       total 243712K, used 83114K [0x00000000a0000000, 0x00000000aee00000, 0x00000000e0000000)
  object space 243712K, 34% used [0x00000000a0000000,0x00000000a512a8b0,0x00000000aee00000)
 Metaspace       used 107354K, capacity 115654K, committed 115776K, reserved 1150976K
  class space    used 13724K, capacity 15102K, committed 15208K, reserved 1048576K
}
Event: 4784.781 GC heap before
{Heap before GC invocations=61 (full 4):
 PSYoungGen      total 245760K, used 235692K [0x00000000e0000000, 0x00000000f0c80000, 0x0000000100000000)
  eden space 219648K, 100% used [0x00000000e0000000,0x00000000ed680000,0x00000000ed680000)
  from space 26112K, 61% used [0x00000000ef300000,0x00000000f02ab340,0x00000000f0c80000)
  to   space 27648K, 0% used [0x00000000ed680000,0x00000000ed680000,0x00000000ef180000)
 ParOldGen       total 243712K, used 83114K [0x00000000a0000000, 0x00000000aee00000, 0x00000000e0000000)
  object space 243712K, 34% used [0x00000000a0000000,0x00000000a512a8b0,0x00000000aee00000)
 Metaspace       used 107408K, capacity 115658K, committed 115776K, reserved 1150976K
  class space    used 13724K, capacity 15102K, committed 15208K, reserved 1048576K
Event: 4784.825 GC heap after
Heap after GC invocations=61 (full 4):
 PSYoungGen      total 247296K, used 15404K [0x00000000e0000000, 0x00000000f0d80000, 0x0000000100000000)
  eden space 219648K, 0% used [0x00000000e0000000,0x00000000e0000000,0x00000000ed680000)
  from space 27648K, 55% used [0x00000000ed680000,0x00000000ee58b320,0x00000000ef180000)
  to   space 26624K, 0% used [0x00000000ef380000,0x00000000ef380000,0x00000000f0d80000)
 ParOldGen       total 243712K, used 83138K [0x00000000a0000000, 0x00000000aee00000, 0x00000000e0000000)
  object space 243712K, 34% used [0x00000000a0000000,0x00000000a51308b0,0x00000000aee00000)
 Metaspace       used 107408K, capacity 115658K, committed 115776K, reserved 1150976K
  class space    used 13724K, capacity 15102K, committed 15208K, reserved 1048576K
}
Event: 4844.330 GC heap before
{Heap before GC invocations=62 (full 4):
 PSYoungGen      total 247296K, used 235052K [0x00000000e0000000, 0x00000000f0d80000, 0x0000000100000000)
  eden space 219648K, 100% used [0x00000000e0000000,0x00000000ed680000,0x00000000ed680000)
  from space 27648K, 55% used [0x00000000ed680000,0x00000000ee58b320,0x00000000ef180000)
  to   space 26624K, 0% used [0x00000000ef380000,0x00000000ef380000,0x00000000f0d80000)
 ParOldGen       total 243712K, used 83138K [0x00000000a0000000, 0x00000000aee00000, 0x00000000e0000000)
  object space 243712K, 34% used [0x00000000a0000000,0x00000000a51308b0,0x00000000aee00000)
 Metaspace       used 107449K, capacity 115722K, committed 116032K, reserved 1150976K
  class space    used 13724K, capacity 15102K, committed 15208K, reserved 1048576K
Event: 4844.355 GC heap after
Heap after GC invocations=62 (full 4):
 PSYoungGen      total 248320K, used 12428K [0x00000000e0000000, 0x00000000f0d00000, 0x0000000100000000)
  eden space 222208K, 0% used [0x00000000e0000000,0x00000000e0000000,0x00000000ed900000)
  from space 26112K, 47% used [0x00000000ef380000,0x00000000effa3340,0x00000000f0d00000)
  to   space 26624K, 0% used [0x00000000ed900000,0x00000000ed900000,0x00000000ef300000)
 ParOldGen       total 243712K, used 83170K [0x00000000a0000000, 0x00000000aee00000, 0x00000000e0000000)
  object space 243712K, 34% used [0x00000000a0000000,0x00000000a51388b0,0x00000000aee00000)
 Metaspace       used 107449K, capacity 115722K, committed 116032K, reserved 1150976K
  class space    used 13724K, capacity 15102K, committed 15208K, reserved 1048576K
}
Event: 5000.264 GC heap before
{Heap before GC invocations=63 (full 4):
 PSYoungGen      total 248320K, used 232560K [0x00000000e0000000, 0x00000000f0d00000, 0x0000000100000000)
  eden space 222208K, 99% used [0x00000000e0000000,0x00000000ed6f8e48,0x00000000ed900000)
  from space 26112K, 47% used [0x00000000ef380000,0x00000000effa3340,0x00000000f0d00000)
  to   space 26624K, 0% used [0x00000000ed900000,0x00000000ed900000,0x00000000ef300000)
 ParOldGen       total 243712K, used 83170K [0x00000000a0000000, 0x00000000aee00000, 0x00000000e0000000)
  object space 243712K, 34% used [0x00000000a0000000,0x00000000a51388b0,0x00000000aee00000)
 Metaspace       used 107499K, capacity 115786K, committed 116032K, reserved 1150976K
  class space    used 13724K, capacity 15102K, committed 15208K, reserved 1048576K
Event: 5000.293 GC heap after
Heap after GC invocations=63 (full 4):
 PSYoungGen      total 248832K, used 8300K [0x00000000e0000000, 0x00000000f0e00000, 0x0000000100000000)
  eden space 222208K, 0% used [0x00000000e0000000,0x00000000e0000000,0x00000000ed900000)
  from space 26624K, 31% used [0x00000000ed900000,0x00000000ee11b320,0x00000000ef300000)
  to   space 27136K, 0% used [0x00000000ef380000,0x00000000ef380000,0x00000000f0e00000)
 ParOldGen       total 243712K, used 83666K [0x00000000a0000000, 0x00000000aee00000, 0x00000000e0000000)
  object space 243712K, 34% used [0x00000000a0000000,0x00000000a51b48b0,0x00000000aee00000)
 Metaspace       used 107499K, capacity 115786K, committed 116032K, reserved 1150976K
  class space    used 13724K, capacity 15102K, committed 15208K, reserved 1048576K
}
Event: 5000.293 GC heap before
{Heap before GC invocations=64 (full 5):
 PSYoungGen      total 248832K, used 8300K [0x00000000e0000000, 0x00000000f0e00000, 0x0000000100000000)
  eden space 222208K, 0% used [0x00000000e0000000,0x00000000e0000000,0x00000000ed900000)
  from space 26624K, 31% used [0x00000000ed900000,0x00000000ee11b320,0x00000000ef300000)
  to   space 27136K, 0% used [0x00000000ef380000,0x00000000ef380000,0x00000000f0e00000)
 ParOldGen       total 243712K, used 83666K [0x00000000a0000000, 0x00000000aee00000, 0x00000000e0000000)
  object space 243712K, 34% used [0x00000000a0000000,0x00000000a51b48b0,0x00000000aee00000)
 Metaspace       used 107499K, capacity 115786K, committed 116032K, reserved 1150976K
  class space    used 13724K, capacity 15102K, committed 15208K, reserved 1048576K

